# JRE version: Java(TM) SE Runtime Environment (8.0_171-b11) (build 1.8.0_171-b11)
# Java VM: Java HotSpot(TM) 64-Bit Server VM (25.171-b11 mixed mode linux-amd64 compressed oops)
Heap:
 PSYoungGen      total 67584K, used 5110K [0x00000000d7c00000, 0x00000000dc300000, 0x0000000100000000)
  eden space 62464K, 0% used [0x00000000d7c00000,0x00000000d7c00000,0x00000000db900000)
  from space 5120K, 99% used [0x00000000db900000,0x00000000dbdfd9d0,0x00000000dbe00000)
  to   space 5120K, 0% used [0x00000000dbe00000,0x00000000dbe00000,0x00000000dc300000)
 ParOldGen       total 83456K, used 47872K [0x0000000087400000, 0x000000008c580000, 0x00000000d7c00000)
  object space 83456K, 57% used [0x0000000087400000,0x000000008a2c0088,0x000000008c580000)
 Metaspace       used 11479K, capacity 11620K, committed 12032K, reserved 1060864K
  class space    used 1368K, capacity 1421K, committed 1536K, reserved 1048576K
GC Heap History (5 events):
Event: 1,722 GC heap before
{Heap before GC invocations=1 (full 0):
 PSYoungGen      total 36352K, used 31232K [0x00000000d7c00000, 0x00000000da480000, 0x0000000100000000)
  eden space 31232K, 100% used [0x00000000d7c00000,0x00000000d9a80000,0x00000000d9a80000)
  from space 5120K, 0% used [0x00000000d9f80000,0x00000000d9f80000,0x00000000da480000)
  to   space 5120K, 0% used [0x00000000d9a80000,0x00000000d9a80000,0x00000000d9f80000)
 ParOldGen       total 83456K, used 0K [0x0000000087400000, 0x000000008c580000, 0x00000000d7c00000)
  object space 83456K, 0% used [0x0000000087400000,0x0000000087400000,0x000000008c580000)
 Metaspace       used 11472K, capacity 11620K, committed 12032K, reserved 1060864K
  class space    used 1368K, capacity 1421K, committed 1536K, reserved 1048576K
Event: 2,551 GC heap after
Heap after GC invocations=1 (full 0):
 PSYoungGen      total 36352K, used 5092K [0x00000000d7c00000, 0x00000000dc300000, 0x0000000100000000)
  eden space 31232K, 0% used [0x00000000d7c00000,0x00000000d7c00000,0x00000000d9a80000)
  from space 5120K, 99% used [0x00000000d9a80000,0x00000000d9f79060,0x00000000d9f80000)
  to   space 5120K, 0% used [0x00000000dbe00000,0x00000000dbe00000,0x00000000dc300000)
 ParOldGen       total 83456K, used 7079K [0x0000000087400000, 0x000000008c580000, 0x00000000d7c00000)
  object space 83456K, 8% used [0x0000000087400000,0x0000000087ae9f40,0x000000008c580000)
 Metaspace       used 11472K, capacity 11620K, committed 12032K, reserved 1060864K
  class space    used 1368K, capacity 1421K, committed 1536K, reserved 1048576K
}
Event: 2,869 GC heap before
{Heap before GC invocations=2 (full 0):
 PSYoungGen      total 36352K, used 36324K [0x00000000d7c00000, 0x00000000dc300000, 0x0000000100000000)
  eden space 31232K, 100% used [0x00000000d7c00000,0x00000000d9a80000,0x00000000d9a80000)
  from space 5120K, 99% used [0x00000000d9a80000,0x00000000d9f79060,0x00000000d9f80000)
  to   space 5120K, 0% used [0x00000000dbe00000,0x00000000dbe00000,0x00000000dc300000)
 ParOldGen       total 83456K, used 7079K [0x0000000087400000, 0x000000008c580000, 0x00000000d7c00000)
  object space 83456K, 8% used [0x0000000087400000,0x0000000087ae9f40,0x000000008c580000)
 Metaspace       used 11479K, capacity 11620K, committed 12032K, reserved 1060864K
  class space    used 1368K, capacity 1421K, committed 1536K, reserved 1048576K
Event: 2,937 GC heap after
Heap after GC invocations=2 (full 0):
 PSYoungGen      total 67584K, used 5110K [0x00000000d7c00000, 0x00000000dc300000, 0x0000000100000000)
  eden space 62464K, 0% used [0x00000000d7c00000,0x00000000d7c00000,0x00000000db900000)
  from space 5120K, 99% used [0x00000000dbe00000,0x00000000dc2fdab8,0x00000000dc300000)
  to   space 5120K, 0% used [0x00000000db900000,0x00000000db900000,0x00000000dbe00000)
 ParOldGen       total 83456K, used 19767K [0x0000000087400000, 0x000000008c580000, 0x00000000d7c00000)
  object space 83456K, 23% used [0x0000000087400000,0x000000008874df40,0x000000008c580000)
 Metaspace       used 11479K, capacity 11620K, committed 12032K, reserved 1060864K
  class space    used 1368K, capacity 1421K, committed 1536K, reserved 1048576K
}
Event: 3,172 GC heap before
{Heap before GC invocations=3 (full 0):
 PSYoungGen      total 67584K, used 67574K [0x00000000d7c00000, 0x00000000dc300000, 0x0000000100000000)
  eden space 62464K, 100% used [0x00000000d7c00000,0x00000000db900000,0x00000000db900000)
  from space 5120K, 99% used [0x00000000dbe00000,0x00000000dc2fdab8,0x00000000dc300000)
  to   space 5120K, 0% used [0x00000000db900000,0x00000000db900000,0x00000000dbe00000)
 ParOldGen       total 83456K, used 19767K [0x0000000087400000, 0x000000008c580000, 0x00000000d7c00000)
  object space 83456K, 23% used [0x0000000087400000,0x000000008874df40,0x000000008c580000)
 Metaspace       used 11479K, capacity 11620K, committed 12032K, reserved 1060864K
  class space    used 1368K, capacity 1421K, committed 1536K, reserved 1048576K

