# JRE version: Java(TM) SE Runtime Environment (8.0_171-b11) (build 1.8.0_171-b11)
# Java VM: Java HotSpot(TM) 64-Bit Server VM (25.171-b11 mixed mode linux-amd64 compressed oops)
Heap:
 PSYoungGen      total 36352K, used 5110K [0x00000000d7c00000, 0x00000000da480000, 0x0000000100000000)
  eden space 31232K, 0% used [0x00000000d7c00000,0x00000000d7c00000,0x00000000d9a80000)
  from space 5120K, 99% used [0x00000000d9f80000,0x00000000da47dab8,0x00000000da480000)
  to   space 5120K, 0% used [0x00000000d9a80000,0x00000000d9a80000,0x00000000d9f80000)
 ParOldGen       total 83456K, used 20793K [0x0000000087400000, 0x000000008c580000, 0x00000000d7c00000)
  object space 83456K, 24% used [0x0000000087400000,0x000000008884e6a8,0x000000008c580000)
 Metaspace       used 10657K, capacity 10818K, committed 11136K, reserved 1058816K
  class space    used 1239K, capacity 1290K, committed 1408K, reserved 1048576K
GC Heap History (3 events):
Event: 2,452 GC heap before
{Heap before GC invocations=1 (full 0):
 PSYoungGen      total 36352K, used 31232K [0x00000000d7c00000, 0x00000000da480000, 0x0000000100000000)
  eden space 31232K, 100% used [0x00000000d7c00000,0x00000000d9a80000,0x00000000d9a80000)
  from space 5120K, 0% used [0x00000000d9f80000,0x00000000d9f80000,0x00000000da480000)
  to   space 5120K, 0% used [0x00000000d9a80000,0x00000000d9a80000,0x00000000d9f80000)
 ParOldGen       total 83456K, used 0K [0x0000000087400000, 0x000000008c580000, 0x00000000d7c00000)
  object space 83456K, 0% used [0x0000000087400000,0x0000000087400000,0x000000008c580000)
 Metaspace       used 10632K, capacity 10754K, committed 10880K, reserved 1058816K
  class space    used 1239K, capacity 1290K, committed 1408K, reserved 1048576K
Event: 2,475 GC heap after
Heap after GC invocations=1 (full 0):
 PSYoungGen      total 36352K, used 5108K [0x00000000d7c00000, 0x00000000da480000, 0x0000000100000000)
  eden space 31232K, 0% used [0x00000000d7c00000,0x00000000d7c00000,0x00000000d9a80000)
  from space 5120K, 99% used [0x00000000d9a80000,0x00000000d9f7d180,0x00000000d9f80000)
  to   space 5120K, 0% used [0x00000000d9f80000,0x00000000d9f80000,0x00000000da480000)
 ParOldGen       total 83456K, used 7145K [0x0000000087400000, 0x000000008c580000, 0x00000000d7c00000)
  object space 83456K, 8% used [0x0000000087400000,0x0000000087afa6a8,0x000000008c580000)
 Metaspace       used 10632K, capacity 10754K, committed 10880K, reserved 1058816K
  class space    used 1239K, capacity 1290K, committed 1408K, reserved 1048576K
}
Event: 2,575 GC heap before
{Heap before GC invocations=2 (full 0):
 PSYoungGen      total 36352K, used 36340K [0x00000000d7c00000, 0x00000000da480000, 0x0000000100000000)
  eden space 31232K, 100% used [0x00000000d7c00000,0x00000000d9a80000,0x00000000d9a80000)
  from space 5120K, 99% used [0x00000000d9a80000,0x00000000d9f7d180,0x00000000d9f80000)
  to   space 5120K, 0% used [0x00000000d9f80000,0x00000000d9f80000,0x00000000da480000)
 ParOldGen       total 83456K, used 7145K [0x0000000087400000, 0x000000008c580000, 0x00000000d7c00000)
  object space 83456K, 8% used [0x0000000087400000,0x0000000087afa6a8,0x000000008c580000)
 Metaspace       used 10657K, capacity 10818K, committed 11136K, reserved 1058816K
  class space    used 1239K, capacity 1290K, committed 1408K, reserved 1048576K

