# JRE version: Java(TM) SE Runtime Environment (8.0_171-b11) (build 1.8.0_171-b11)
# Java VM: Java HotSpot(TM) 64-Bit Server VM (25.171-b11 mixed mode linux-amd64 compressed oops)
Heap:
 PSYoungGen      total 130048K, used 1376K [0x00000000d7c00000, 0x00000000e0000000, 0x0000000100000000)
  eden space 124928K, 0% used [0x00000000d7c00000,0x00000000d7c00000,0x00000000df600000)
  from space 5120K, 26% used [0x00000000df600000,0x00000000df758000,0x00000000dfb00000)
  to   space 5120K, 0% used [0x00000000dfb00000,0x00000000dfb00000,0x00000000e0000000)
 ParOldGen       total 134656K, used 70885K [0x0000000087400000, 0x000000008f780000, 0x00000000d7c00000)
  object space 134656K, 52% used [0x0000000087400000,0x000000008b939538,0x000000008f780000)
 Metaspace       used 9209K, capacity 9386K, committed 9728K, reserved 1058816K
  class space    used 1082K, capacity 1184K, committed 1280K, reserved 1048576K
GC Heap History (10 events):
Event: 0,507 GC heap after
Heap after GC invocations=1 (full 0):
 PSYoungGen      total 36352K, used 5096K [0x00000000d7c00000, 0x00000000dc300000, 0x0000000100000000)
  eden space 31232K, 0% used [0x00000000d7c00000,0x00000000d7c00000,0x00000000d9a80000)
  from space 5120K, 99% used [0x00000000d9a80000,0x00000000d9f7a1d8,0x00000000d9f80000)
  to   space 5120K, 0% used [0x00000000dbe00000,0x00000000dbe00000,0x00000000dc300000)
 ParOldGen       total 83456K, used 7959K [0x0000000087400000, 0x000000008c580000, 0x00000000d7c00000)
  object space 83456K, 9% used [0x0000000087400000,0x0000000087bc5f40,0x000000008c580000)
 Metaspace       used 3482K, capacity 4568K, committed 4864K, reserved 1056768K
  class space    used 383K, capacity 392K, committed 512K, reserved 1048576K
}
Event: 0,617 GC heap before
{Heap before GC invocations=2 (full 0):
 PSYoungGen      total 36352K, used 36328K [0x00000000d7c00000, 0x00000000dc300000, 0x0000000100000000)
  eden space 31232K, 100% used [0x00000000d7c00000,0x00000000d9a80000,0x00000000d9a80000)
  from space 5120K, 99% used [0x00000000d9a80000,0x00000000d9f7a1d8,0x00000000d9f80000)
  to   space 5120K, 0% used [0x00000000dbe00000,0x00000000dbe00000,0x00000000dc300000)
 ParOldGen       total 83456K, used 7959K [0x0000000087400000, 0x000000008c580000, 0x00000000d7c00000)
  object space 83456K, 9% used [0x0000000087400000,0x0000000087bc5f40,0x000000008c580000)
 Metaspace       used 3484K, capacity 4568K, committed 4864K, reserved 1056768K
  class space    used 383K, capacity 392K, committed 512K, reserved 1048576K
Event: 0,673 GC heap after
Heap after GC invocations=2 (full 0):
 PSYoungGen      total 67584K, used 5108K [0x00000000d7c00000, 0x00000000dc300000, 0x0000000100000000)
  eden space 62464K, 0% used [0x00000000d7c00000,0x00000000d7c00000,0x00000000db900000)
  from space 5120K, 99% used [0x00000000dbe00000,0x00000000dc2fd2a8,0x00000000dc300000)
  to   space 5120K, 0% used [0x00000000db900000,0x00000000db900000,0x00000000dbe00000)
 ParOldGen       total 83456K, used 22175K [0x0000000087400000, 0x000000008c580000, 0x00000000d7c00000)
  object space 83456K, 26% used [0x0000000087400000,0x00000000889a7f40,0x000000008c580000)
 Metaspace       used 3484K, capacity 4568K, committed 4864K, reserved 1056768K
  class space    used 383K, capacity 392K, committed 512K, reserved 1048576K
}
Event: 0,913 GC heap before
{Heap before GC invocations=3 (full 0):
 PSYoungGen      total 67584K, used 67572K [0x00000000d7c00000, 0x00000000dc300000, 0x0000000100000000)
  eden space 62464K, 100% used [0x00000000d7c00000,0x00000000db900000,0x00000000db900000)
  from space 5120K, 99% used [0x00000000dbe00000,0x00000000dc2fd2a8,0x00000000dc300000)
  to   space 5120K, 0% used [0x00000000db900000,0x00000000db900000,0x00000000dbe00000)
 ParOldGen       total 83456K, used 22175K [0x0000000087400000, 0x000000008c580000, 0x00000000d7c00000)
  object space 83456K, 26% used [0x0000000087400000,0x00000000889a7f40,0x000000008c580000)
 Metaspace       used 3484K, capacity 4568K, committed 4864K, reserved 1056768K
  class space    used 383K, capacity 392K, committed 512K, reserved 1048576K
Event: 1,226 GC heap after
Heap after GC invocations=3 (full 0):
 PSYoungGen      total 67584K, used 5106K [0x00000000d7c00000, 0x00000000e0000000, 0x0000000100000000)
  eden space 62464K, 0% used [0x00000000d7c00000,0x00000000d7c00000,0x00000000db900000)
  from space 5120K, 99% used [0x00000000db900000,0x00000000dbdfc9b0,0x00000000dbe00000)
  to   space 5120K, 0% used [0x00000000dfb00000,0x00000000dfb00000,0x00000000e0000000)
 ParOldGen       total 83456K, used 50615K [0x0000000087400000, 0x000000008c580000, 0x00000000d7c00000)
  object space 83456K, 60% used [0x0000000087400000,0x000000008a56df40,0x000000008c580000)
 Metaspace       used 3484K, capacity 4568K, committed 4864K, reserved 1056768K
  class space    used 383K, capacity 392K, committed 512K, reserved 1048576K
}
Event: 8,306 GC heap before
{Heap before GC invocations=4 (full 0):
 PSYoungGen      total 67584K, used 67570K [0x00000000d7c00000, 0x00000000e0000000, 0x0000000100000000)
  eden space 62464K, 100% used [0x00000000d7c00000,0x00000000db900000,0x00000000db900000)
  from space 5120K, 99% used [0x00000000db900000,0x00000000dbdfc9b0,0x00000000dbe00000)
  to   space 5120K, 0% used [0x00000000dfb00000,0x00000000dfb00000,0x00000000e0000000)
 ParOldGen       total 83456K, used 50615K [0x0000000087400000, 0x000000008c580000, 0x00000000d7c00000)
  object space 83456K, 60% used [0x0000000087400000,0x000000008a56df40,0x000000008c580000)
 Metaspace       used 3595K, capacity 4600K, committed 4864K, reserved 1056768K
  class space    used 387K, capacity 424K, committed 512K, reserved 1048576K
Event: 8,350 GC heap after
Heap after GC invocations=4 (full 0):
 PSYoungGen      total 130048K, used 5111K [0x00000000d7c00000, 0x00000000e0000000, 0x0000000100000000)
  eden space 124928K, 0% used [0x00000000d7c00000,0x00000000d7c00000,0x00000000df600000)
  from space 5120K, 99% used [0x00000000dfb00000,0x00000000dfffdc70,0x00000000e0000000)
  to   space 5120K, 0% used [0x00000000df600000,0x00000000df600000,0x00000000dfb00000)
 ParOldGen       total 83456K, used 68751K [0x0000000087400000, 0x000000008c580000, 0x00000000d7c00000)
  object space 83456K, 82% used [0x0000000087400000,0x000000008b723f40,0x000000008c580000)
 Metaspace       used 3595K, capacity 4600K, committed 4864K, reserved 1056768K
  class space    used 387K, capacity 424K, committed 512K, reserved 1048576K
}
Event: 8,350 GC heap before
{Heap before GC invocations=5 (full 1):
 PSYoungGen      total 130048K, used 5111K [0x00000000d7c00000, 0x00000000e0000000, 0x0000000100000000)
  eden space 124928K, 0% used [0x00000000d7c00000,0x00000000d7c00000,0x00000000df600000)
  from space 5120K, 99% used [0x00000000dfb00000,0x00000000dfffdc70,0x00000000e0000000)
  to   space 5120K, 0% used [0x00000000df600000,0x00000000df600000,0x00000000dfb00000)
 ParOldGen       total 83456K, used 68751K [0x0000000087400000, 0x000000008c580000, 0x00000000d7c00000)
  object space 83456K, 82% used [0x0000000087400000,0x000000008b723f40,0x000000008c580000)
 Metaspace       used 3595K, capacity 4600K, committed 4864K, reserved 1056768K
  class space    used 387K, capacity 424K, committed 512K, reserved 1048576K
Event: 8,574 GC heap after
Heap after GC invocations=5 (full 1):
 PSYoungGen      total 130048K, used 0K [0x00000000d7c00000, 0x00000000e0000000, 0x0000000100000000)
  eden space 124928K, 0% used [0x00000000d7c00000,0x00000000d7c00000,0x00000000df600000)
  from space 5120K, 0% used [0x00000000dfb00000,0x00000000dfb00000,0x00000000e0000000)
  to   space 5120K, 0% used [0x00000000df600000,0x00000000df600000,0x00000000dfb00000)
 ParOldGen       total 134656K, used 70877K [0x0000000087400000, 0x000000008f780000, 0x00000000d7c00000)
  object space 134656K, 52% used [0x0000000087400000,0x000000008b937538,0x000000008f780000)
 Metaspace       used 3595K, capacity 4600K, committed 4864K, reserved 1056768K
  class space    used 387K, capacity 424K, committed 512K, reserved 1048576K
}
Event: 10,318 GC heap before
{Heap before GC invocations=6 (full 1):
 PSYoungGen      total 130048K, used 124928K [0x00000000d7c00000, 0x00000000e0000000, 0x0000000100000000)
  eden space 124928K, 100% used [0x00000000d7c00000,0x00000000df600000,0x00000000df600000)
  from space 5120K, 0% used [0x00000000dfb00000,0x00000000dfb00000,0x00000000e0000000)
  to   space 5120K, 0% used [0x00000000df600000,0x00000000df600000,0x00000000dfb00000)
 ParOldGen       total 134656K, used 70877K [0x0000000087400000, 0x000000008f780000, 0x00000000d7c00000)
  object space 134656K, 52% used [0x0000000087400000,0x000000008b937538,0x000000008f780000)
 Metaspace       used 9209K, capacity 9386K, committed 9728K, reserved 1058816K
  class space    used 1082K, capacity 1184K, committed 1280K, reserved 1048576K

